<?xml version="1.0" encoding="UTF-8"?>
<!-- Generated by org.testng.reporters.JUnitReportReporter -->
<testsuite skipped="0" hostname="IBM-PF3K2LGF" name="testcases.TC001" tests="1" failures="0" timestamp="2022-11-30T12:08:23 IST" time="45.440" errors="0">
  <testcase name="Login" time="45.440" classname="testcases.TC001"/>
  <system-out/>
</testsuite> <!-- testcases.TC001 -->
