<?xml version="1.0" encoding="UTF-8"?>
<!-- Generated by org.testng.reporters.JUnitReportReporter -->
<testsuite skipped="0" hostname="IBM-PF3K2LGF" name="testcases.TC005" tests="1" failures="0" timestamp="2022-11-29T22:45:13 IST" time="7.831" errors="0">
  <testcase name="Login" time="7.831" classname="testcases.TC005"/>
  <system-out/>
</testsuite> <!-- testcases.TC005 -->
